<?xml version="1.0" encoding="UTF-8"?>
<testng-results ignored="0" total="1" passed="1" failed="0" skipped="0">
  <reporter-output>
  </reporter-output>
  <suite started-at="2024-05-09T14:58:23 IST" name="Default suite" finished-at="2024-05-09T14:58:51 IST" duration-ms="28188">
    <groups>
    </groups>
    <test started-at="2024-05-09T14:58:23 IST" name="Default test" finished-at="2024-05-09T14:58:51 IST" duration-ms="28188">
      <class name="Project1_Testcases.TC14_5_Star_Rating">
        <test-method is-config="true" signature="launch_browser()[pri:0, instance:Project1_Testcases.TC14_5_Star_Rating@3349e9bb]" started-at="2024-05-09T14:58:23 IST" name="launch_browser" finished-at="2024-05-09T14:58:31 IST" duration-ms="7938" status="PASS">
          <reporter-output>
          </reporter-output>
        </test-method> <!-- launch_browser -->
        <test-method signature="rating_5star()[pri:0, instance:Project1_Testcases.TC14_5_Star_Rating@3349e9bb]" started-at="2024-05-09T14:58:31 IST" name="rating_5star" finished-at="2024-05-09T14:58:45 IST" duration-ms="14402" status="PASS">
          <reporter-output>
          </reporter-output>
        </test-method> <!-- rating_5star -->
        <test-method is-config="true" signature="close_browser()[pri:0, instance:Project1_Testcases.TC14_5_Star_Rating@3349e9bb]" started-at="2024-05-09T14:58:45 IST" name="close_browser" finished-at="2024-05-09T14:58:51 IST" duration-ms="5799" status="PASS">
          <reporter-output>
          </reporter-output>
        </test-method> <!-- close_browser -->
      </class> <!-- Project1_Testcases.TC14_5_Star_Rating -->
    </test> <!-- Default test -->
  </suite> <!-- Default suite -->
</testng-results>
